                                                                                                                        
>>>>>>>>>>>>>>>>>>>>>>>>>>>>>>>>>>>>>>>>>>>>>>>>>>>>>>>>>>>>>>>>>>>>>>>>>>>>>>>>>>>>>>>>>>>>>>>>>>>>>>>>>>>>>>>>>>>>>>>>
2024-02-23 14:48:42,071 - INFO - START unzip_automation =============================================
2024-02-23 14:48:42,071 - INFO - START unzip_automation Start Time = 2024-02-23 14:48:42
2024-02-23 14:48:42,071 - INFO - unzip_automation Step 0 - Initialize the configuration file parser
2024-02-23 14:48:42,220 - INFO - Imported existing <module 'comtypes.gen' from 'C:\\Users\\josep\\anaconda3\\lib\\site-packages\\comtypes\\gen\\__init__.py'>
2024-02-23 14:48:42,220 - INFO - Using writeable comtypes cache directory: 'C:\Users\josep\anaconda3\lib\site-packages\comtypes\gen'
2024-02-23 14:48:48,282 - INFO - Process unzip_automation Step 0 - Initializing and starting Logging Process.
2024-02-23 14:48:54,464 - INFO - Process unzip_automation - Step 1 - create watch dog functions to check for data files
2024-02-23 14:48:54,526 - INFO - PERFORMANCE unzip_automation The total process duration was:12.45
2024-02-23 14:48:54,526 - INFO - PERFORMANCE unzip_automation Stop Time = 2024-02-23 14:48:54
2024-02-23 14:48:54,526 - INFO - PERFORMANCE unzip_automation Low process duration less than 3 minutes:12.45
2024-02-23 14:48:54,527 - INFO - PERFORMANCE unzip_automation Performance optimization is optional
2024-02-23 14:48:54,527 - INFO - END unzip_automation =============================================

<<<<<<<<<<<<<<<<<<<<<<<<<<<<<<<<<<<<<<<<<<<<<<<<<<<<<<<<<<<<<<<<<<<<<<<<<<<<<<<<<<<<<<<<<<<<<<<<<<<<<<<<<<<<<<<<<<<<<<<<
                                                                                                                        
                                                                                                                        
>>>>>>>>>>>>>>>>>>>>>>>>>>>>>>>>>>>>>>>>>>>>>>>>>>>>>>>>>>>>>>>>>>>>>>>>>>>>>>>>>>>>>>>>>>>>>>>>>>>>>>>>>>>>>>>>>>>>>>>>
2024-03-29 09:24:58,781 - INFO - START unzip_automation =============================================
2024-03-29 09:24:58,781 - INFO - START unzip_automation Start Time = 2024-03-29 09:24:58
2024-03-29 09:24:58,781 - INFO - unzip_automation Step 0 - Initialize the configuration file parser
2024-03-29 09:24:58,781 - INFO - Process unzip_automation Step 0 - Initializing and starting Logging Process.
2024-03-29 09:24:58,808 - INFO - Process unzip_automation Step 1 - setup the directories to unzip and establish where to unzip the files .
2024-03-29 09:24:58,917 - INFO - Process unzip_automation - Step 1 - create watch dog functions to check for data files
2024-03-29 09:24:59,010 - INFO - PERFORMANCE unzip_automation The total process duration was:0.23
2024-03-29 09:24:59,010 - INFO - PERFORMANCE unzip_automation Stop Time = 2024-03-29 09:24:59
2024-03-29 09:24:59,010 - INFO - PERFORMANCE unzip_automation Short process duration less than 3 Seconds:0.23
2024-03-29 09:24:59,010 - INFO - PERFORMANCE unzip_automation Performance optimization is not reccomended
2024-03-29 09:24:59,010 - INFO - END unzip_automation =============================================

<<<<<<<<<<<<<<<<<<<<<<<<<<<<<<<<<<<<<<<<<<<<<<<<<<<<<<<<<<<<<<<<<<<<<<<<<<<<<<<<<<<<<<<<<<<<<<<<<<<<<<<<<<<<<<<<<<<<<<<<
                                                                                                                        
                                                                                                                        
>>>>>>>>>>>>>>>>>>>>>>>>>>>>>>>>>>>>>>>>>>>>>>>>>>>>>>>>>>>>>>>>>>>>>>>>>>>>>>>>>>>>>>>>>>>>>>>>>>>>>>>>>>>>>>>>>>>>>>>>
2024-03-29 09:26:56,629 - INFO - START unzip_automation =============================================
2024-03-29 09:26:56,629 - INFO - START unzip_automation Start Time = 2024-03-29 09:26:56
2024-03-29 09:26:56,629 - INFO - unzip_automation Step 0 - Initialize the configuration file parser
2024-03-29 09:26:56,630 - INFO - Process unzip_automation Step 0 - Initializing and starting Logging Process.
2024-03-29 09:26:56,655 - INFO - Process unzip_automation Step 1 - setup the directories to unzip and establish where to unzip the files .
2024-03-29 09:26:56,765 - INFO - Process unzip_automation - Step 1 - create watch dog functions to check for data files
2024-03-29 09:26:56,861 - INFO - PERFORMANCE unzip_automation The total process duration was:0.23
2024-03-29 09:26:56,861 - INFO - PERFORMANCE unzip_automation Stop Time = 2024-03-29 09:26:56
2024-03-29 09:26:56,861 - INFO - PERFORMANCE unzip_automation Short process duration less than 3 Seconds:0.23
2024-03-29 09:26:56,861 - INFO - PERFORMANCE unzip_automation Performance optimization is not reccomended
2024-03-29 09:26:56,861 - INFO - END unzip_automation =============================================

<<<<<<<<<<<<<<<<<<<<<<<<<<<<<<<<<<<<<<<<<<<<<<<<<<<<<<<<<<<<<<<<<<<<<<<<<<<<<<<<<<<<<<<<<<<<<<<<<<<<<<<<<<<<<<<<<<<<<<<<
                                                                                                                        
                                                                                                                        
>>>>>>>>>>>>>>>>>>>>>>>>>>>>>>>>>>>>>>>>>>>>>>>>>>>>>>>>>>>>>>>>>>>>>>>>>>>>>>>>>>>>>>>>>>>>>>>>>>>>>>>>>>>>>>>>>>>>>>>>
2024-05-17 08:36:28,622 - INFO - START unzip_automation =============================================
2024-05-17 08:36:28,622 - INFO - START unzip_automation Start Time = 2024-05-17 08:36:28
2024-05-17 08:36:28,622 - INFO - unzip_automation Step 0 - Initialize the configuration file parser
2024-05-17 08:36:28,623 - INFO - Process unzip_automation Step 0 - Initializing and starting Logging Process.
2024-05-17 08:37:49,890 - INFO - Process unzip_automation Step 1 - setup the directories to unzip and establish where to unzip the files .
2024-05-17 08:40:34,992 - INFO - Process unzip_automation - Step 1 - create watch dog functions to check for data files
2024-05-17 08:41:42,896 - INFO - PERFORMANCE unzip_automation The total process duration was:314.27
2024-05-17 08:41:42,897 - INFO - PERFORMANCE unzip_automation Stop Time = 2024-05-17 08:41:42
2024-05-17 08:41:42,897 - INFO - PERFORMANCE unzip_automation Medium process duration greater than 3 minutes:314.27
2024-05-17 08:41:42,897 - INFO - PERFORMANCE unzip_automation Performance optimization is optional
2024-05-17 08:41:42,897 - INFO - END unzip_automation =============================================

<<<<<<<<<<<<<<<<<<<<<<<<<<<<<<<<<<<<<<<<<<<<<<<<<<<<<<<<<<<<<<<<<<<<<<<<<<<<<<<<<<<<<<<<<<<<<<<<<<<<<<<<<<<<<<<<<<<<<<<<
                                                                                                                        
                                                                                                                        
>>>>>>>>>>>>>>>>>>>>>>>>>>>>>>>>>>>>>>>>>>>>>>>>>>>>>>>>>>>>>>>>>>>>>>>>>>>>>>>>>>>>>>>>>>>>>>>>>>>>>>>>>>>>>>>>>>>>>>>>
2024-05-17 08:42:30,048 - INFO - START unzip_automation =============================================
2024-05-17 08:42:30,048 - INFO - START unzip_automation Start Time = 2024-05-17 08:42:30
2024-05-17 08:42:30,048 - INFO - unzip_automation Step 0 - Initialize the configuration file parser
2024-05-17 08:42:30,049 - INFO - Process unzip_automation Step 0 - Initializing and starting Logging Process.
2024-05-17 08:42:30,074 - INFO - Process unzip_automation Step 1 - setup the directories to unzip and establish where to unzip the files .
2024-05-17 08:42:30,181 - INFO - Process unzip_automation - Step 1 - create watch dog functions to check for data files
2024-05-17 08:42:30,289 - INFO - PERFORMANCE unzip_automation The total process duration was:0.24
2024-05-17 08:42:30,289 - INFO - PERFORMANCE unzip_automation Stop Time = 2024-05-17 08:42:30
2024-05-17 08:42:30,289 - INFO - PERFORMANCE unzip_automation Short process duration less than 3 Seconds:0.24
2024-05-17 08:42:30,290 - INFO - PERFORMANCE unzip_automation Performance optimization is not reccomended
2024-05-17 08:42:30,290 - INFO - END unzip_automation =============================================

<<<<<<<<<<<<<<<<<<<<<<<<<<<<<<<<<<<<<<<<<<<<<<<<<<<<<<<<<<<<<<<<<<<<<<<<<<<<<<<<<<<<<<<<<<<<<<<<<<<<<<<<<<<<<<<<<<<<<<<<
                                                                                                                        
