2024-03-15 08:22:01,715 - INFO - START unzip_automation =============================================
2024-03-15 08:22:01,715 - INFO - START unzip_automation Start Time = 2024-03-15 08:22:01
2024-03-15 08:22:01,715 - INFO - unzip_automation Step 0 - Initialize the configuration file parser
2024-03-15 08:22:01,824 - INFO - Imported existing <module 'comtypes.gen' from 'C:\\Users\\josep\\anaconda3\\lib\\site-packages\\comtypes\\gen\\__init__.py'>
2024-03-15 08:22:01,824 - INFO - Using writeable comtypes cache directory: 'C:\Users\josep\anaconda3\lib\site-packages\comtypes\gen'
2024-03-15 08:22:07,835 - INFO - Process unzip_automation Step 0 - Initializing and starting Logging Process.
2024-03-15 08:22:14,350 - INFO - Process unzip_automation Step 1 - setup the directories to unzip and establish where to unzip the files .
2024-03-15 08:22:20,634 - INFO - Process unzip_automation - Step 1 - create watch dog functions to check for data files
2024-03-15 08:22:20,695 - INFO - PERFORMANCE unzip_automation The total process duration was:18.98
2024-03-15 08:22:20,695 - INFO - PERFORMANCE unzip_automation Stop Time = 2024-03-15 08:22:20
2024-03-15 08:22:20,695 - INFO - PERFORMANCE unzip_automation Low process duration less than 3 minutes:18.98
2024-03-15 08:22:20,695 - INFO - PERFORMANCE unzip_automation Performance optimization is optional
2024-03-15 08:22:20,695 - INFO - END unzip_automation =============================================
2024-03-15 08:51:05,271 - INFO - Process unzip_automation Step 1 - setup the directories to unzip and establish where to unzip the files .
2024-03-15 08:54:09,769 - INFO - START unzip_automation =============================================
2024-03-15 08:54:09,769 - INFO - START unzip_automation Start Time = 2024-03-15 08:54:09
2024-03-15 08:54:09,769 - INFO - unzip_automation Step 0 - Initialize the configuration file parser
2024-03-15 08:54:09,769 - INFO - Process unzip_automation Step 0 - Initializing and starting Logging Process.
2024-03-15 08:54:16,200 - INFO - Process unzip_automation Step 1 - setup the directories to unzip and establish where to unzip the files .
2024-03-15 08:54:59,465 - INFO - Process unzip_automation Step 1 - setup the directories to unzip and establish where to unzip the files .
2024-03-15 08:55:06,512 - INFO - Process unzip_automation Step 1 - setup the directories to unzip and establish where to unzip the files .
2024-03-15 08:55:17,848 - INFO - Process unzip_automation Step 1 - setup the directories to unzip and establish where to unzip the files .
2024-03-15 08:55:35,552 - INFO - Process unzip_automation Step 1 - setup the directories to unzip and establish where to unzip the files .
2024-03-15 08:56:01,191 - INFO - Process unzip_automation Step 1 - setup the directories to unzip and establish where to unzip the files .
2024-03-15 08:57:00,119 - INFO - Process unzip_automation Step 1 - setup the directories to unzip and establish where to unzip the files .
2024-03-15 09:31:39,968 - INFO - Note: NumExpr detected 12 cores but "NUMEXPR_MAX_THREADS" not set, so enforcing safe limit of 8.
2024-03-15 09:31:39,968 - INFO - NumExpr defaulting to 8 threads.
